<?xml version="1.0" encoding="UTF-8"?>
<!-- Generated by org.testng.reporters.JUnitReportReporter -->
<testsuite skipped="0" hostname="Shahrans-MacBook-Air.local" name="com.RunnerSauce.Runnerz" tests="4" failures="0" timestamp="10 Jan 2023 22:41:24 GMT" time="33.140" errors="0">
  <testcase name="runScenario" time="7.068" classname="com.RunnerSauce.Runnerz"/>
  <testcase name="runScenario" time="8.377" classname="com.RunnerSauce.Runnerz"/>
  <testcase name="runScenario" time="6.207" classname="com.RunnerSauce.Runnerz"/>
  <testcase name="runScenario" time="11.488" classname="com.RunnerSauce.Runnerz"/>
</testsuite> <!-- com.RunnerSauce.Runnerz -->
